20191030162609##10#20191030162609#{"errCode":"0","errMsg":"SUCCESS"}
20191030164422##5#20191030164422#{"errCode":"0","errMsg":"SUCCESS"}
20191030165300##5#20191030165300#{"errCode":"0","errMsg":"SUCCESS"}
20191030165651##5#20191030165651#{"errCode":"99","errMsg":"INVALID_SIGNATURE"}
20191030170243##5#20191030170242#{"errCode":"0","errMsg":"SUCCESS"}
20191030195546##10#20191030195546#{"errCode":"0","errMsg":"SUCCESS"}
20191031160145##1#20191031160145#{"errCode":"0","errMsg":"SUCCESS"}
20191031160251##1#20191031160251#{"errCode":"0","errMsg":"SUCCESS"}
20191031160322##1#20191031160321#{"errCode":"0","errMsg":"SUCCESS"}
20191031165451##1#20191031165451#{"errCode":"0","errMsg":"SUCCESS"}
20191103142024##1#20191103142023#{"errCode":"0","errMsg":"SUCCESS"}
20191104163905##1#20191104163905#{"errCode":"0","errMsg":"SUCCESS"}
20191104164254##1#20191104164253#{"errCode":"0","errMsg":"SUCCESS"}
20191104185308##1#20191104185307#{"errCode":"0","errMsg":"SUCCESS"}
20191104201303##1#20191104201302#{"errCode":"0","errMsg":"SUCCESS"}
20191104201357##1#20191104201356#{"errCode":"0","errMsg":"SUCCESS"}
20191104201710##100#20191104201709#{"errCode":"0","errMsg":"SUCCESS"}
20191104201932##1#20191104201932#{"errCode":"0","errMsg":"SUCCESS"}
20191110185028##1#20191110185028#{"errCode":"0","errMsg":"SUCCESS"}
20191110185243##1#20191110185242#{"errCode":"0","errMsg":"SUCCESS"}
20191110190043##1#20191110190042#{"errCode":"0","errMsg":"SUCCESS"}
20191111162853##1#20191111162853#{"errCode":"0","errMsg":"SUCCESS"}
20191112071146##1#20191112071115#{"errCode":"997","errMsg":"UNKNOWN_ERROR"}
20191112071249##1#20191112071216#{"errCode":"997","errMsg":"UNKNOWN_ERROR"}
20191112074022##11#20191112074022#{"errCode":"0","errMsg":"SUCCESS"}
20191113234858##2#20191113234858#{"errCode":"0","errMsg":"SUCCESS"}
20191114162123##10#20191114162122#{"errCode":"0","errMsg":"SUCCESS"}
20191119081502##12#20191119081502#{"errCode":"81","errMsg":"MEMBER_NOT_FOUND"}
20191119081506##12#20191119081506#{"errCode":"81","errMsg":"MEMBER_NOT_FOUND"}
20191119081516##12#20191119081516#{"errCode":"81","errMsg":"MEMBER_NOT_FOUND"}
20191119122759##1#20191119122759#{"errCode":"0","errMsg":"SUCCESS"}
20191119122929##10#20191119122929#{"errCode":"81","errMsg":"MEMBER_NOT_FOUND"}
20191119123405##10#20191119123405#{"errCode":"0","errMsg":"SUCCESS"}
20191119164315##50#20191119164315#{"errCode":"999","errMsg":"UNDER_MAINTENENCE"}
20191119164433##50#20191119164433#{"errCode":"999","errMsg":"UNDER_MAINTENENCE"}
20191119164503##50#20191119164503#{"errCode":"999","errMsg":"UNDER_MAINTENENCE"}
20191119165221##1#20191119165220#{"errCode":"0","errMsg":"SUCCESS"}
20191119165237##1#20191119165237#{"errCode":"0","errMsg":"SUCCESS"}
20191119165645##20#20191119165644#{"errCode":"0","errMsg":"SUCCESS"}
20191119165813##50#20191119165813#{"errCode":"999","errMsg":"UNDER_MAINTENENCE"}
20191119170040##50#20191119170040#{"errCode":"999","errMsg":"UNDER_MAINTENENCE"}
20191119170103##50#20191119170102#{"errCode":"999","errMsg":"UNDER_MAINTENENCE"}
20191119170109##1#20191119170109#{"errCode":"0","errMsg":"SUCCESS"}
20191119170112##5#20191119170112#{"errCode":"0","errMsg":"SUCCESS"}
20191119170127##5#20191119170127#{"errCode":"0","errMsg":"SUCCESS"}
20191119170204##1#20191119170204#{"errCode":"0","errMsg":"SUCCESS"}
20191119170216##10#20191119170216#{"errCode":"999","errMsg":"UNDER_MAINTENENCE"}
20191119170229##5#20191119170228#{"errCode":"0","errMsg":"SUCCESS"}
20191119170239##11#20191119170239#{"errCode":"999","errMsg":"UNDER_MAINTENENCE"}
20191119170248##9#20191119170248#{"errCode":"999","errMsg":"UNDER_MAINTENENCE"}
20191119170256##6#20191119170256#{"errCode":"999","errMsg":"UNDER_MAINTENENCE"}
20191119170303##5#20191119170303#{"errCode":"999","errMsg":"UNDER_MAINTENENCE"}
20191119170311##1#20191119170311#{"errCode":"0","errMsg":"SUCCESS"}
20191119170320##5#20191119170320#{"errCode":"999","errMsg":"UNDER_MAINTENENCE"}
20191119171949##161#20191119171949#{"errCode":"999","errMsg":"UNDER_MAINTENENCE"}
20191119173552##18#20191119173552#{"errCode":"0","errMsg":"SUCCESS"}
20191119174325##11#20191119174325#{"errCode":"0","errMsg":"SUCCESS"}
20191119174738##15#20191119174738#{"errCode":"0","errMsg":"SUCCESS"}
20191119174837##19#20191119174837#{"errCode":"0","errMsg":"SUCCESS"}
20191119174904##2#20191119174903#{"errCode":"0","errMsg":"SUCCESS"}
20191119175250##130#20191119175250#{"errCode":"999","errMsg":"UNDER_MAINTENENCE"}
20191119175318##131#20191119175318#{"errCode":"999","errMsg":"UNDER_MAINTENENCE"}
20191119180842##100#20191119180842#{"errCode":"999","errMsg":"UNDER_MAINTENENCE"}
20191119181440##1#20191119181440#http://gsmd.336699bet.com//makeTransfer.aspx?operatorcode=uybc&providercode=GT&username=test01&password=123456&referenceid=20191119181440&type=0&amount=1&signature=A6E93A8B6D55E9759DE268F85450C8D8#{"errCode":"0","errMsg":"SUCCESS"}
20191119205347##5#20191119205347#http://gsmd.336699bet.com//makeTransfer.aspx?operatorcode=uybc&providercode=GT&username=cam888&password=123456&referenceid=20191119205347&type=0&amount=5&signature=D9A8E6EA788AB72896D5C8AD7DC2C3BC#{"errCode":"0","errMsg":"SUCCESS"}
20191119205430##121#20191119205430#http://gsmd.336699bet.com//makeTransfer.aspx?operatorcode=uybc&providercode=GT&username=felixc&password=123456&referenceid=20191119205430&type=0&amount=121&signature=B55249312A4890D81F25335060381EB5#{"errCode":"0","errMsg":"SUCCESS"}
20191119205500##100#20191119205500#http://gsmd.336699bet.com//makeTransfer.aspx?operatorcode=uybc&providercode=GT&username=felixc&password=123456&referenceid=20191119205500&type=0&amount=100&signature=2FD898911FAE8246DFBA4EFEF9649326#{"errCode":"0","errMsg":"SUCCESS"}
20191119205503##1#20191119205503#http://gsmd.336699bet.com//makeTransfer.aspx?operatorcode=uybc&providercode=GT&username=test01&password=123456&referenceid=20191119205503&type=0&amount=1&signature=465C68E12360464D2095211BF1566F98#{"errCode":"0","errMsg":"SUCCESS"}
20191119211109##100#20191119211109#http://gsmd.336699bet.com//makeTransfer.aspx?operatorcode=uybc&providercode=GT&username=felixc&password=123456&referenceid=20191119211109&type=0&amount=100&signature=D0760BF8FEADA736F37F087C279FA9DA#{"errCode":"0","errMsg":"SUCCESS"}
20191119221519##5#20191119221518#http://gsmd.336699bet.com//makeTransfer.aspx?operatorcode=uybc&providercode=GT&username=cam888&password=123456&referenceid=20191119221518&type=0&amount=5&signature=057D5AAE130FF33C1C9F05416E6A0050#{"errCode":"0","errMsg":"SUCCESS"}
20191119234740##50#20191119234740#http://gsmd.336699bet.com//makeTransfer.aspx?operatorcode=uybc&providercode=GT&username=James&password=123456&referenceid=20191119234740&type=0&amount=50&signature=A808D68990A84E25C5EB4AFB3E796EAC#{"errCode":"0","errMsg":"SUCCESS"}
20191120001921##10#20191120001921#http://gsmd.336699bet.com//makeTransfer.aspx?operatorcode=uybc&providercode=GT&username=cam888&password=123456&referenceid=20191120001921&type=0&amount=10&signature=A879A23C3013237E7ABFE19D7B638478#{"errCode":"0","errMsg":"SUCCESS"}
20191120081311##10#20191120081310#http://gsmd.336699bet.com//makeTransfer.aspx?operatorcode=uybc&providercode=GT&username=test002&password=123456&referenceid=20191120081310&type=0&amount=10&signature=571922A8764B64B7FC49FA29ABE2362A#{"errCode":"0","errMsg":"SUCCESS"}
20191120102128##1#20191120102128#http://gsmd.336699bet.com//makeTransfer.aspx?operatorcode=uybc&providercode=GT&username=csxia&password=123456&referenceid=20191120102128&type=0&amount=1&signature=6BE764C565277A364FC74ABE56257CC7#{"errCode":"0","errMsg":"SUCCESS"}
20191120102228##1#20191120102228#http://gsmd.336699bet.com//makeTransfer.aspx?operatorcode=uybc&providercode=GT&username=csxia&password=123456&referenceid=20191120102228&type=0&amount=1&signature=7092ED7B1E0348FCB5F807960E967878#{"errCode":"0","errMsg":"SUCCESS"}
20191120142506##5#20191120142506#http://gsmd.336699bet.com//makeTransfer.aspx?operatorcode=uybc&providercode=GT&username=cam888&password=123456&referenceid=20191120142506&type=0&amount=5&signature=F12F329CB0B5D7A97BA5AD0A35D53E36#{"errCode":"0","errMsg":"SUCCESS"}
20191120171755##1#20191120171755#http://gsmd.336699bet.com//makeTransfer.aspx?operatorcode=uybc&providercode=GT&username=test01&password=123456&referenceid=20191120171755&type=0&amount=1&signature=0F9080469F733116FD3F9C5B4337521F#{"errCode":"0","errMsg":"SUCCESS"}
20191120194217##1000#20191120194217#http://gsmd.336699bet.com//makeTransfer.aspx?operatorcode=uybc&providercode=GT&username=rhinorhj&password=123456&referenceid=20191120194217&type=0&amount=1000&signature=3685B3E8ADF620921E63AFB34EC08CBF#{"errCode":"70","errMsg":"INSUFFICIENT_KIOSK_BALANCE"}
